/opt/slurm/data/slurmd/job25811534/slurm_script: line 13: -np: command not found
                      :-) GROMACS - gmx mdrun, 2020.4 (-:

                            GROMACS is written by:
     Emile Apol      Rossen Apostolov      Paul Bauer     Herman J.C. Berendsen
    Par Bjelkmar      Christian Blau   Viacheslav Bolnykh     Kevin Boyd    
 Aldert van Buuren   Rudi van Drunen     Anton Feenstra       Alan Gray     
  Gerrit Groenhof     Anca Hamuraru    Vincent Hindriksen  M. Eric Irrgang  
  Aleksei Iupinov   Christoph Junghans     Joe Jordan     Dimitrios Karkoulis
    Peter Kasson        Jiri Kraus      Carsten Kutzner      Per Larsson    
  Justin A. Lemkul    Viveca Lindahl    Magnus Lundborg     Erik Marklund   
    Pascal Merz     Pieter Meulenhoff    Teemu Murtola       Szilard Pall   
    Sander Pronk      Roland Schulz      Michael Shirts    Alexey Shvetsov  
   Alfons Sijbers     Peter Tieleman      Jon Vincent      Teemu Virolainen 
 Christian Wennberg    Maarten Wolf      Artem Zhmurov   
                           and the project leaders:
        Mark Abraham, Berk Hess, Erik Lindahl, and David van der Spoel

Copyright (c) 1991-2000, University of Groningen, The Netherlands.
Copyright (c) 2001-2019, The GROMACS development team at
Uppsala University, Stockholm University and
the Royal Institute of Technology, Sweden.
check out http://www.gromacs.org for more information.

GROMACS is free software; you can redistribute it and/or modify it
under the terms of the GNU Lesser General Public License
as published by the Free Software Foundation; either version 2.1
of the License, or (at your option) any later version.

GROMACS:      gmx mdrun, version 2020.4
Executable:   /share/apps/gromacs/2020.4/openmpi/intel/bin/gmx_mpi
Data prefix:  /share/apps/gromacs/2020.4/openmpi/intel
Working dir:  /scratch/work/courses/CHEM-GA-2671-2022fa/psw3686/Classwork/comp-lab-class/Week3/Setup/50ns
Command line:
  gmx_mpi mdrun -deffnm md_0_50


Back Off! I just backed up md_0_50.log to ./#md_0_50.log.1#
Reading file md_0_50.tpr, VERSION 2020.4 (single precision)
Changing nstlist from 10 to 50, rlist from 1 to 1.116

Using 1 MPI process

Non-default thread affinity set, disabling internal thread affinity

Back Off! I just backed up md_0_50.xtc to ./#md_0_50.xtc.1#

Back Off! I just backed up md_0_50.edr to ./#md_0_50.edr.1#
starting mdrun 'LYSOZYME in water'
25000000 steps,  50000.0 ps.
slurmstepd: error: *** JOB 25811534 ON cs025 CANCELLED AT 2022-10-11T17:40:33 ***
